<?xml version="1.0" encoding="utf-8"?><testsuites name="pytest tests"><testsuite name="pytest" errors="0" failures="0" skipped="0" tests="22" time="1.922" timestamp="2026-04-11T07:43:13.008630+00:00" hostname="agent-env-84347a5c-1ce9-4cba-966a-608711b3fce7"><testcase classname="test_nh_goods_api.TestHealthAndSeed" name="test_health_check" time="0.137" /><testcase classname="test_nh_goods_api.TestHealthAndSeed" name="test_seed_database" time="0.048" /><testcase classname="test_nh_goods_api.TestAuthentication" name="test_admin_login_success" time="0.046" /><testcase classname="test_nh_goods_api.TestAuthentication" name="test_customer_login_success" time="0.044" /><testcase classname="test_nh_goods_api.TestAuthentication" name="test_login_invalid_credentials" time="0.044" /><testcase classname="test_nh_goods_api.TestAuthentication" name="test_get_current_user" time="0.086" /><testcase classname="test_nh_goods_api.TestCategories" name="test_get_categories_no_auth" time="0.185" /><testcase classname="test_nh_goods_api.TestProducts" name="test_get_all_products" time="0.091" /><testcase classname="test_nh_goods_api.TestProducts" name="test_get_products_by_category" time="0.043" /><testcase classname="test_nh_goods_api.TestProducts" name="test_get_products_requires_auth" time="0.043" /><testcase classname="test_nh_goods_api.TestFlashDeals" name="test_get_flash_deals" time="0.042" /><testcase classname="test_nh_goods_api.TestOrders" name="test_create_order" time="0.046" /><testcase classname="test_nh_goods_api.TestOrders" name="test_get_user_orders" time="0.045" /><testcase classname="test_nh_goods_api.TestOrders" name="test_get_last_order" time="0.042" /><testcase classname="test_nh_goods_api.TestReorder" name="test_reorder_existing_order" time="0.589" /><testcase classname="test_nh_goods_api.TestLocationTracking" name="test_update_location" time="0.044" /><testcase classname="test_nh_goods_api.TestAdminEndpoints" name="test_get_all_users_admin" time="0.043" /><testcase classname="test_nh_goods_api.TestAdminEndpoints" name="test_get_users_customer_forbidden" time="0.044" /><testcase classname="test_nh_goods_api.TestAdminEndpoints" name="test_create_user_admin" time="0.101" /><testcase classname="test_nh_goods_api.TestAdminEndpoints" name="test_get_customer_presence" time="0.043" /><testcase classname="test_nh_goods_api.TestAdminEndpoints" name="test_get_activity_logs" time="0.045" /><testcase classname="test_nh_goods_api.TestInvoices" name="test_get_invoices" time="0.046" /></testsuite></testsuites>